<?xml version="1.0" encoding="UTF-8"?>
<!-- Generated by org.testng.reporters.JUnitReportReporter -->
<testsuite name="com.poj.qa.testcases.HomePageTest" tests="5" time="94.984" ignored="0" failures="0" timestamp="23 Feb 2020 17:26:47 GMT" skipped="0" hostname="DESKTOP-SK5IA9L" errors="0">
  <testcase name="verifyHomePageTitleTest" time="17.198" classname="com.poj.qa.testcases.HomePageTest"/>
  <testcase name="verifytasksLinkTest" time="18.382" classname="com.poj.qa.testcases.HomePageTest"/>
  <testcase name="verifydealsLinkTest" time="19.602" classname="com.poj.qa.testcases.HomePageTest"/>
  <testcase name="verifyContactsLinkTest" time="19.520" classname="com.poj.qa.testcases.HomePageTest"/>
  <testcase name="verifyCorrectUserNameTest" time="20.282" classname="com.poj.qa.testcases.HomePageTest"/>
</testsuite> <!-- com.poj.qa.testcases.HomePageTest -->
