<?xml version="1.0" encoding="UTF-8"?>
<!-- Generated by org.testng.reporters.JUnitReportReporter -->
<testsuite name="com.poj.qa.testcases.LoginPageTest" tests="3" time="53.226" ignored="0" failures="0" timestamp="23 Feb 2020 17:26:47 GMT" skipped="0" hostname="DESKTOP-SK5IA9L" errors="0">
  <testcase name="loginTest" time="16.547" classname="com.poj.qa.testcases.LoginPageTest"/>
  <testcase name="loginPageTitletest" time="17.469" classname="com.poj.qa.testcases.LoginPageTest"/>
  <testcase name="crmImgLogoTest" time="19.210" classname="com.poj.qa.testcases.LoginPageTest"/>
</testsuite> <!-- com.poj.qa.testcases.LoginPageTest -->
